<?xml version="1.0" encoding="UTF-8"?>
<testsuite name="Academy Choucair" tests="1" skipped="0" failures="0" errors="0" timestamp="2022-04-03T15:37:17" hostname="Kimberly" time="25.085">
  <properties/>
  <testcase name="User register" classname="Academy Choucair" time="25.085"/>
  <system-out><![CDATA[]]></system-out>
  <system-err><![CDATA[[Test worker] WARN net.thucydides.core.steps.BaseStepListener - stepStarted: net.thucydides.core.steps.ExecutedStepDescription@3cd30c1a
[Test worker] WARN net.thucydides.core.steps.BaseStepListener - stepStarted: net.thucydides.core.steps.ExecutedStepDescription@3216c0c
[Test worker] WARN net.thucydides.core.steps.BaseStepListener - stepStarted: net.thucydides.core.steps.ExecutedStepDescription@6a37306f
Apr 03, 2022 10:37:18 AM org.openqa.selenium.remote.DesiredCapabilities chrome
INFO: Using `new ChromeOptions()` is preferred to `DesiredCapabilities.chrome()`
[Test worker] INFO net.serenitybdd.core.webdriver.driverproviders.ProvideNewDriver - Instantiating driver
[Test worker] INFO net.serenitybdd.core.webdriver.driverproviders.ProvideNewDriver - Driver capabilities: Capabilities {acceptInsecureCerts: false, browserName: chrome, chrome.switches: --start-maximized, goog:chromeOptions: {args: [--start-maximized], extensions: []}, loggingPrefs: org.openqa.selenium.logging..., platform: ANY, version: }
Starting ChromeDriver 99.0.4844.51 (d537ec02474b5afe23684e7963d538896c63ac77-refs/branch-heads/4844@{#875}) on port 23516
Only local connections are allowed.
Please see https://chromedriver.chromium.org/security-considerations for suggestions on keeping ChromeDriver safe.
ChromeDriver was started successfully.
[1649000241.227][WARNING]: This version of ChromeDriver has not been tested with Chrome version 100.
Apr 03, 2022 10:37:21 AM org.openqa.selenium.remote.ProtocolHandshake createSession
INFO: Detected dialect: W3C
[Test worker] WARN net.thucydides.core.steps.BaseStepListener - stepFinished: current outcome:User register:Given The user wants to register a new user on the platform [Kim open up [Kim opens the Page initial]]
[Test worker] WARN net.thucydides.core.steps.BaseStepListener - stepFinished: current outcome:User register:Given The user wants to register a new user on the platform [Kim open up [Kim opens the Page initial]]
[Test worker] WARN net.thucydides.core.steps.BaseStepListener - stepStarted: net.thucydides.core.steps.ExecutedStepDescription@7346e6db
[Test worker] WARN net.thucydides.core.steps.BaseStepListener - stepStarted: net.thucydides.core.steps.ExecutedStepDescription@563eef70
[Test worker] WARN net.thucydides.core.steps.BaseStepListener - stepFinished: current outcome:User register:Given The user wants to register a new user on the platform [Kim open up [Kim opens the Page initial], Kim open register [Kim clicks on Button register new]]
[Test worker] WARN net.thucydides.core.steps.BaseStepListener - stepFinished: current outcome:User register:Given The user wants to register a new user on the platform [Kim open up [Kim opens the Page initial], Kim open register [Kim clicks on Button register new]]
[Test worker] WARN net.thucydides.core.steps.BaseStepListener - stepFinished: current outcome:User register:Given The user wants to register a new user on the platform [Kim open up [Kim opens the Page initial], Kim open register [Kim clicks on Button register new]]
[Test worker] WARN net.thucydides.core.steps.BaseStepListener - stepStarted: net.thucydides.core.steps.ExecutedStepDescription@141625b4
[Test worker] WARN net.thucydides.core.steps.BaseStepListener - stepStarted: net.thucydides.core.steps.ExecutedStepDescription@12eb6266
[Test worker] WARN net.thucydides.core.steps.BaseStepListener - stepStarted: net.thucydides.core.steps.ExecutedStepDescription@4ef60292
[Test worker] WARN net.thucydides.core.steps.BaseStepListener - stepFinished: current outcome:User register:Given The user wants to register a new user on the platform [Kim open up [Kim opens the Page initial], Kim open register [Kim clicks on Button register new]], When FThe user enters the registration data [Kim registration date [Kim enters 'mi nombre' into name user]]
[Test worker] WARN net.thucydides.core.steps.BaseStepListener - stepStarted: net.thucydides.core.steps.ExecutedStepDescription@301cd24c
[Test worker] WARN net.thucydides.core.steps.BaseStepListener - stepFinished: current outcome:User register:Given The user wants to register a new user on the platform [Kim open up [Kim opens the Page initial], Kim open register [Kim clicks on Button register new]], When FThe user enters the registration data [Kim registration date [Kim enters 'mi nombre' into name user, Kim enters 'mi nombre' into name user]]
[Test worker] WARN net.thucydides.core.steps.BaseStepListener - stepStarted: net.thucydides.core.steps.ExecutedStepDescription@7eda0c78
[Test worker] WARN net.thucydides.core.steps.BaseStepListener - stepFinished: current outcome:User register:Given The user wants to register a new user on the platform [Kim open up [Kim opens the Page initial], Kim open register [Kim clicks on Button register new]], When FThe user enters the registration data [Kim registration date [Kim enters 'mi nombre' into name user, Kim enters 'mi nombre' into name user, Kim enters 'CRA 4D # 95 - 37' into name user]]
[Test worker] WARN net.thucydides.core.steps.BaseStepListener - stepStarted: net.thucydides.core.steps.ExecutedStepDescription@26f410cf
[Test worker] WARN net.thucydides.core.steps.BaseStepListener - stepFinished: current outcome:User register:Given The user wants to register a new user on the platform [Kim open up [Kim opens the Page initial], Kim open register [Kim clicks on Button register new]], When FThe user enters the registration data [Kim registration date [Kim enters 'mi nombre' into name user, Kim enters 'mi nombre' into name user, Kim enters 'CRA 4D # 95 - 37' into name user, Kim enters 'kim@mai.com' into name user]]
[Test worker] WARN net.thucydides.core.steps.BaseStepListener - stepStarted: net.thucydides.core.steps.ExecutedStepDescription@223379e4
[Test worker] WARN net.thucydides.core.steps.BaseStepListener - stepFinished: current outcome:User register:Given The user wants to register a new user on the platform [Kim open up [Kim opens the Page initial], Kim open register [Kim clicks on Button register new]], When FThe user enters the registration data [Kim registration date [Kim enters 'mi nombre' into name user, Kim enters 'mi nombre' into name user, Kim enters 'CRA 4D # 95 - 37' into name user, Kim enters 'kim@mai.com' into name user, Kim enters '3123231323' into name user]]
[Test worker] WARN net.thucydides.core.steps.BaseStepListener - stepStarted: net.thucydides.core.steps.ExecutedStepDescription@2d282666
[Test worker] WARN net.thucydides.core.steps.BaseStepListener - stepFinished: current outcome:User register:Given The user wants to register a new user on the platform [Kim open up [Kim opens the Page initial], Kim open register [Kim clicks on Button register new]], When FThe user enters the registration data [Kim registration date [Kim enters 'mi nombre' into name user, Kim enters 'mi nombre' into name user, Kim enters 'CRA 4D # 95 - 37' into name user, Kim enters 'kim@mai.com' into name user, Kim enters '3123231323' into name user, Kim clicks on name user]]
[Test worker] WARN net.thucydides.core.steps.BaseStepListener - stepStarted: net.thucydides.core.steps.ExecutedStepDescription@63cf0eb1
[Test worker] WARN net.thucydides.core.steps.BaseStepListener - stepFinished: current outcome:User register:Given The user wants to register a new user on the platform [Kim open up [Kim opens the Page initial], Kim open register [Kim clicks on Button register new]], When FThe user enters the registration data [Kim registration date [Kim enters 'mi nombre' into name user, Kim enters 'mi nombre' into name user, Kim enters 'CRA 4D # 95 - 37' into name user, Kim enters 'kim@mai.com' into name user, Kim enters '3123231323' into name user, Kim clicks on name user, Kim clicks on name user]]
[Test worker] WARN net.thucydides.core.steps.BaseStepListener - stepStarted: net.thucydides.core.steps.ExecutedStepDescription@7856bad2
[Test worker] WARN net.thucydides.core.steps.BaseStepListener - stepFinished: current outcome:User register:Given The user wants to register a new user on the platform [Kim open up [Kim opens the Page initial], Kim open register [Kim clicks on Button register new]], When FThe user enters the registration data [Kim registration date [Kim enters 'mi nombre' into name user, Kim enters 'mi nombre' into name user, Kim enters 'CRA 4D # 95 - 37' into name user, Kim enters 'kim@mai.com' into name user, Kim enters '3123231323' into name user, Kim clicks on name user, Kim clicks on name user, Kim clicks on name user]]
[Test worker] WARN net.thucydides.core.steps.BaseStepListener - stepStarted: net.thucydides.core.steps.ExecutedStepDescription@5886d15f
[Test worker] WARN net.thucydides.core.steps.BaseStepListener - stepFinished: current outcome:User register:Given The user wants to register a new user on the platform [Kim open up [Kim opens the Page initial], Kim open register [Kim clicks on Button register new]], When FThe user enters the registration data [Kim registration date [Kim enters 'mi nombre' into name user, Kim enters 'mi nombre' into name user, Kim enters 'CRA 4D # 95 - 37' into name user, Kim enters 'kim@mai.com' into name user, Kim enters '3123231323' into name user, Kim clicks on name user, Kim clicks on name user, Kim clicks on name user, Kim clicks on name user]]
[Test worker] WARN net.thucydides.core.steps.BaseStepListener - stepStarted: net.thucydides.core.steps.ExecutedStepDescription@4359aa82
[Test worker] WARN net.thucydides.core.steps.BaseStepListener - stepFinished: current outcome:User register:Given The user wants to register a new user on the platform [Kim open up [Kim opens the Page initial], Kim open register [Kim clicks on Button register new]], When FThe user enters the registration data [Kim registration date [Kim enters 'mi nombre' into name user, Kim enters 'mi nombre' into name user, Kim enters 'CRA 4D # 95 - 37' into name user, Kim enters 'kim@mai.com' into name user, Kim enters '3123231323' into name user, Kim clicks on name user, Kim clicks on name user, Kim clicks on name user, Kim clicks on name user, Kim clicks on name user]]
[Test worker] WARN net.thucydides.core.steps.BaseStepListener - stepStarted: net.thucydides.core.steps.ExecutedStepDescription@3e42c3bc
[Test worker] WARN net.thucydides.core.steps.BaseStepListener - stepFinished: current outcome:User register:Given The user wants to register a new user on the platform [Kim open up [Kim opens the Page initial], Kim open register [Kim clicks on Button register new]], When FThe user enters the registration data [Kim registration date [Kim enters 'mi nombre' into name user, Kim enters 'mi nombre' into name user, Kim enters 'CRA 4D # 95 - 37' into name user, Kim enters 'kim@mai.com' into name user, Kim enters '3123231323' into name user, Kim clicks on name user, Kim clicks on name user, Kim clicks on name user, Kim clicks on name user, Kim clicks on name user, Kim clicks on name user]]
[Test worker] WARN net.thucydides.core.steps.BaseStepListener - stepStarted: net.thucydides.core.steps.ExecutedStepDescription@6ef9e851
[Test worker] WARN net.thucydides.core.steps.BaseStepListener - stepFinished: current outcome:User register:Given The user wants to register a new user on the platform [Kim open up [Kim opens the Page initial], Kim open register [Kim clicks on Button register new]], When FThe user enters the registration data [Kim registration date [Kim enters 'mi nombre' into name user, Kim enters 'mi nombre' into name user, Kim enters 'CRA 4D # 95 - 37' into name user, Kim enters 'kim@mai.com' into name user, Kim enters '3123231323' into name user, Kim clicks on name user, Kim clicks on name user, Kim clicks on name user, Kim clicks on name user, Kim clicks on name user, Kim clicks on name user, Kim clicks on name user]]
[Test worker] WARN net.thucydides.core.steps.BaseStepListener - stepStarted: net.thucydides.core.steps.ExecutedStepDescription@3014710
[Test worker] WARN net.thucydides.core.steps.BaseStepListener - stepFinished: current outcome:User register:Given The user wants to register a new user on the platform [Kim open up [Kim opens the Page initial], Kim open register [Kim clicks on Button register new]], When FThe user enters the registration data [Kim registration date [Kim enters 'mi nombre' into name user, Kim enters 'mi nombre' into name user, Kim enters 'CRA 4D # 95 - 37' into name user, Kim enters 'kim@mai.com' into name user, Kim enters '3123231323' into name user, Kim clicks on name user, Kim clicks on name user, Kim clicks on name user, Kim clicks on name user, Kim clicks on name user, Kim clicks on name user, Kim clicks on name user, Kim clicks on name user]]
[Test worker] WARN net.thucydides.core.steps.BaseStepListener - stepStarted: net.thucydides.core.steps.ExecutedStepDescription@51d7b5a6
[Test worker] WARN net.thucydides.core.steps.BaseStepListener - stepFinished: current outcome:User register:Given The user wants to register a new user on the platform [Kim open up [Kim opens the Page initial], Kim open register [Kim clicks on Button register new]], When FThe user enters the registration data [Kim registration date [Kim enters 'mi nombre' into name user, Kim enters 'mi nombre' into name user, Kim enters 'CRA 4D # 95 - 37' into name user, Kim enters 'kim@mai.com' into name user, Kim enters '3123231323' into name user, Kim clicks on name user, Kim clicks on name user, Kim clicks on name user, Kim clicks on name user, Kim clicks on name user, Kim clicks on name user, Kim clicks on name user, Kim clicks on name user, Kim clicks on name user]]
[Test worker] WARN net.thucydides.core.steps.BaseStepListener - stepStarted: net.thucydides.core.steps.ExecutedStepDescription@3527366c
[Test worker] WARN net.thucydides.core.steps.BaseStepListener - stepFinished: current outcome:User register:Given The user wants to register a new user on the platform [Kim open up [Kim opens the Page initial], Kim open register [Kim clicks on Button register new]], When FThe user enters the registration data [Kim registration date [Kim enters 'mi nombre' into name user, Kim enters 'mi nombre' into name user, Kim enters 'CRA 4D # 95 - 37' into name user, Kim enters 'kim@mai.com' into name user, Kim enters '3123231323' into name user, Kim clicks on name user, Kim clicks on name user, Kim clicks on name user, Kim clicks on name user, Kim clicks on name user, Kim clicks on name user, Kim clicks on name user, Kim clicks on name user, Kim clicks on name user, Kim clicks on name user]]
[Test worker] WARN net.thucydides.core.steps.BaseStepListener - stepStarted: net.thucydides.core.steps.ExecutedStepDescription@e4e2c7b
[Test worker] WARN net.thucydides.core.steps.BaseStepListener - stepFinished: current outcome:User register:Given The user wants to register a new user on the platform [Kim open up [Kim opens the Page initial], Kim open register [Kim clicks on Button register new]], When FThe user enters the registration data [Kim registration date [Kim enters 'mi nombre' into name user, Kim enters 'mi nombre' into name user, Kim enters 'CRA 4D # 95 - 37' into name user, Kim enters 'kim@mai.com' into name user, Kim enters '3123231323' into name user, Kim clicks on name user, Kim clicks on name user, Kim clicks on name user, Kim clicks on name user, Kim clicks on name user, Kim clicks on name user, Kim clicks on name user, Kim clicks on name user, Kim clicks on name user, Kim clicks on name user, Kim enters '12345' into name user]]
[Test worker] WARN net.thucydides.core.steps.BaseStepListener - stepStarted: net.thucydides.core.steps.ExecutedStepDescription@96062c5
[Test worker] WARN net.thucydides.core.steps.BaseStepListener - stepFinished: current outcome:User register:Given The user wants to register a new user on the platform [Kim open up [Kim opens the Page initial], Kim open register [Kim clicks on Button register new]], When FThe user enters the registration data [Kim registration date [Kim enters 'mi nombre' into name user, Kim enters 'mi nombre' into name user, Kim enters 'CRA 4D # 95 - 37' into name user, Kim enters 'kim@mai.com' into name user, Kim enters '3123231323' into name user, Kim clicks on name user, Kim clicks on name user, Kim clicks on name user, Kim clicks on name user, Kim clicks on name user, Kim clicks on name user, Kim clicks on name user, Kim clicks on name user, Kim clicks on name user, Kim clicks on name user, Kim enters '12345' into name user, Kim enters '12345' into name user]]
[Test worker] WARN net.thucydides.core.steps.BaseStepListener - stepStarted: net.thucydides.core.steps.ExecutedStepDescription@6a2a2fee
[Test worker] WARN net.thucydides.core.steps.BaseStepListener - stepFinished: current outcome:User register:Given The user wants to register a new user on the platform [Kim open up [Kim opens the Page initial], Kim open register [Kim clicks on Button register new]], When FThe user enters the registration data [Kim registration date [Kim enters 'mi nombre' into name user, Kim enters 'mi nombre' into name user, Kim enters 'CRA 4D # 95 - 37' into name user, Kim enters 'kim@mai.com' into name user, Kim enters '3123231323' into name user, Kim clicks on name user, Kim clicks on name user, Kim clicks on name user, Kim clicks on name user, Kim clicks on name user, Kim clicks on name user, Kim clicks on name user, Kim clicks on name user, Kim clicks on name user, Kim clicks on name user, Kim enters '12345' into name user, Kim enters '12345' into name user, Kim clicks on name user]]
[Test worker] WARN net.thucydides.core.steps.BaseStepListener - stepFinished: current outcome:User register:Given The user wants to register a new user on the platform [Kim open up [Kim opens the Page initial], Kim open register [Kim clicks on Button register new]], When FThe user enters the registration data [Kim registration date [Kim enters 'mi nombre' into name user, Kim enters 'mi nombre' into name user, Kim enters 'CRA 4D # 95 - 37' into name user, Kim enters 'kim@mai.com' into name user, Kim enters '3123231323' into name user, Kim clicks on name user, Kim clicks on name user, Kim clicks on name user, Kim clicks on name user, Kim clicks on name user, Kim clicks on name user, Kim clicks on name user, Kim clicks on name user, Kim clicks on name user, Kim clicks on name user, Kim enters '12345' into name user, Kim enters '12345' into name user, Kim clicks on name user]]
[Test worker] WARN net.thucydides.core.steps.BaseStepListener - stepFinished: current outcome:User register:Given The user wants to register a new user on the platform [Kim open up [Kim opens the Page initial], Kim open register [Kim clicks on Button register new]], When FThe user enters the registration data [Kim registration date [Kim enters 'mi nombre' into name user, Kim enters 'mi nombre' into name user, Kim enters 'CRA 4D # 95 - 37' into name user, Kim enters 'kim@mai.com' into name user, Kim enters '3123231323' into name user, Kim clicks on name user, Kim clicks on name user, Kim clicks on name user, Kim clicks on name user, Kim clicks on name user, Kim clicks on name user, Kim clicks on name user, Kim clicks on name user, Kim clicks on name user, Kim clicks on name user, Kim enters '12345' into name user, Kim enters '12345' into name user, Kim clicks on name user]]
[Test worker] WARN net.thucydides.core.steps.BaseStepListener - stepStarted: net.thucydides.core.steps.ExecutedStepDescription@49fd32d6
[Test worker] WARN net.thucydides.core.steps.BaseStepListener - stepFinished: current outcome:User register:Given The user wants to register a new user on the platform [Kim open up [Kim opens the Page initial], Kim open register [Kim clicks on Button register new]], When FThe user enters the registration data [Kim registration date [Kim enters 'mi nombre' into name user, Kim enters 'mi nombre' into name user, Kim enters 'CRA 4D # 95 - 37' into name user, Kim enters 'kim@mai.com' into name user, Kim enters '3123231323' into name user, Kim clicks on name user, Kim clicks on name user, Kim clicks on name user, Kim clicks on name user, Kim clicks on name user, Kim clicks on name user, Kim clicks on name user, Kim clicks on name user, Kim clicks on name user, Kim clicks on name user, Kim enters '12345' into name user, Kim enters '12345' into name user, Kim clicks on name user]], Then End user registration
[Test worker] WARN net.thucydides.core.steps.BaseStepListener - testFinished: User register:Given The user wants to register a new user on the platform [Kim open up [Kim opens the Page initial], Kim open register [Kim clicks on Button register new]], When FThe user enters the registration data [Kim registration date [Kim enters 'mi nombre' into name user, Kim enters 'mi nombre' into name user, Kim enters 'CRA 4D # 95 - 37' into name user, Kim enters 'kim@mai.com' into name user, Kim enters '3123231323' into name user, Kim clicks on name user, Kim clicks on name user, Kim clicks on name user, Kim clicks on name user, Kim clicks on name user, Kim clicks on name user, Kim clicks on name user, Kim clicks on name user, Kim clicks on name user, Kim clicks on name user, Kim enters '12345' into name user, Kim enters '12345' into name user, Kim clicks on name user]], Then End user registration
[Test worker] WARN net.thucydides.core.steps.BaseStepListener - TestOutcomes: [User register:Given The user wants to register a new user on the platform [Kim open up [Kim opens the Page initial], Kim open register [Kim clicks on Button register new]], When FThe user enters the registration data [Kim registration date [Kim enters 'mi nombre' into name user, Kim enters 'mi nombre' into name user, Kim enters 'CRA 4D # 95 - 37' into name user, Kim enters 'kim@mai.com' into name user, Kim enters '3123231323' into name user, Kim clicks on name user, Kim clicks on name user, Kim clicks on name user, Kim clicks on name user, Kim clicks on name user, Kim clicks on name user, Kim clicks on name user, Kim clicks on name user, Kim clicks on name user, Kim clicks on name user, Kim enters '12345' into name user, Kim enters '12345' into name user, Kim clicks on name user]], Then End user registration]
[Test worker] WARN net.thucydides.core.steps.BaseStepListener - Final testOutcomes: [User register:Given The user wants to register a new user on the platform [Kim open up [Kim opens the Page initial], Kim open register [Kim clicks on Button register new]], When FThe user enters the registration data [Kim registration date [Kim enters 'mi nombre' into name user, Kim enters 'mi nombre' into name user, Kim enters 'CRA 4D # 95 - 37' into name user, Kim enters 'kim@mai.com' into name user, Kim enters '3123231323' into name user, Kim clicks on name user, Kim clicks on name user, Kim clicks on name user, Kim clicks on name user, Kim clicks on name user, Kim clicks on name user, Kim clicks on name user, Kim clicks on name user, Kim clicks on name user, Kim clicks on name user, Kim enters '12345' into name user, Kim enters '12345' into name user, Kim clicks on name user]], Then End user registration]
[Test worker] INFO net.thucydides.core.steps.ConsoleLoggingListener - 
        __    _____ _____ ____ _____   ____   _    ____  ____  _____ ____  
  _     \ \  |_   _| ____/ ___|_   _| |  _ \ / \  / ___|/ ___|| ____|  _ \ 
 (_)_____| |   | | |  _| \___ \ | |   | |_) / _ \ \___ \\___ \|  _| | | | |
  _|_____| |   | | | |___ ___) || |   |  __/ ___ \ ___) |___) | |___| |_| |
 (_)     | |   |_| |_____|____/ |_|   |_| /_/   \_\____/|____/|_____|____/ 
        /_/                                                                

TEST PASSED: User register
----------------------------------------------------------------------------
]]></system-err>
</testsuite>
